[    0.000000] Initializing cgroup subsys cpuset
[    0.000000] Initializing cgroup subsys cpu
[    0.000000] Initializing cgroup subsys cpuacct
[    0.000000] Linux version 4.4.0-98-generic (buildd@lcy01-03) (gcc version 5.4.0 20160609 (Ubuntu 5.4.0-6ubuntu1~16.04.4) ) #121-Ubuntu SMP Tue Oct 10 14:24:03 UTC 2017 (Ubuntu 4.4.0-98.121-generic 4.4.90)
[    0.000000] Command line: BOOT_IMAGE=/boot/vmlinuz-4.4.0-98-generic root=UUID=7f02e1ee-0971-468e-aad5-87cf094da023 ro console=tty1 console=ttyS0
[    0.000000] KERNEL supported cpus:
[    0.000000]   Intel GenuineIntel
[    0.000000]   AMD AuthenticAMD
[    0.000000]   Centaur CentaurHauls
[    0.000000] x86/fpu: xstate_offset[2]:  576, xstate_sizes[2]:  256
[    0.000000] x86/fpu: Supporting XSAVE feature 0x01: 'x87 floating point registers'
[    0.000000] x86/fpu: Supporting XSAVE feature 0x02: 'SSE registers'
[    0.000000] x86/fpu: Supporting XSAVE feature 0x04: 'AVX registers'
[    0.000000] x86/fpu: Enabled xstate features 0x7, context size is 832 bytes, using 'standard' format.
[    0.000000] x86/fpu: Using 'lazy' FPU context switches.
[    0.000000] e820: BIOS-provided physical RAM map:
[    0.000000] BIOS-e820: [mem 0x0000000000000000-0x000000000009fbff] usable
[    0.000000] BIOS-e820: [mem 0x000000000009fc00-0x000000000009ffff] reserved
[    0.000000] BIOS-e820: [mem 0x00000000000f0000-0x00000000000fffff] reserved
[    0.000000] BIOS-e820: [mem 0x0000000000100000-0x000000003ffeffff] usable
[    0.000000] BIOS-e820: [mem 0x000000003fff0000-0x000000003fffffff] ACPI data
[    0.000000] BIOS-e820: [mem 0x00000000fec00000-0x00000000fec00fff] reserved
[    0.000000] BIOS-e820: [mem 0x00000000fee00000-0x00000000fee00fff] reserved
[    0.000000] BIOS-e820: [mem 0x00000000fffc0000-0x00000000ffffffff] reserved
[    0.000000] NX (Execute Disable) protection: active
[    0.000000] SMBIOS 2.5 present.
[    0.000000] Hypervisor detected: KVM
[    0.000000] e820: last_pfn = 0x3fff0 max_arch_pfn = 0x400000000
[    0.000000] MTRR: Disabled
[    0.000000] x86/PAT: MTRRs disabled, skipping PAT initialization too.
[    0.000000] CPU MTRRs all blank - virtualized system.
[    0.000000] x86/PAT: Configuration [0-7]: WB  WT  UC- UC  WB  WT  UC- UC  
[    0.000000] found SMP MP-table at [mem 0x0009fff0-0x0009ffff] mapped at [ffff88000009fff0]
[    0.000000] Scanning 1 areas for low memory corruption
[    0.000000] RAMDISK: [mem 0x36232000-0x37110fff]
[    0.000000] ACPI: Early table checksum verification disabled
[    0.000000] ACPI: RSDP 0x00000000000E0000 000024 (v02 VBOX  )
[    0.000000] ACPI: XSDT 0x000000003FFF0030 00003C (v01 VBOX   VBOXXSDT 00000001 ASL  00000061)
[    0.000000] ACPI: FACP 0x000000003FFF00F0 0000F4 (v04 VBOX   VBOXFACP 00000001 ASL  00000061)
[    0.000000] ACPI: DSDT 0x000000003FFF0470 00210F (v01 VBOX   VBOXBIOS 00000002 INTL 20100528)
[    0.000000] ACPI: FACS 0x000000003FFF0200 000040
[    0.000000] ACPI: FACS 0x000000003FFF0200 000040
[    0.000000] ACPI: APIC 0x000000003FFF0240 00005C (v02 VBOX   VBOXAPIC 00000001 ASL  00000061)
[    0.000000] ACPI: SSDT 0x000000003FFF02A0 0001CC (v01 VBOX   VBOXCPUT 00000002 INTL 20100528)
[    0.000000] No NUMA configuration found
[    0.000000] Faking a node at [mem 0x0000000000000000-0x000000003ffeffff]
[    0.000000] NODE_DATA(0) allocated [mem 0x3ffeb000-0x3ffeffff]
[    0.000000] kvm-clock: Using msrs 4b564d01 and 4b564d00
[    0.000000] kvm-clock: cpu 0, msr 0:3ffe3001, primary cpu clock
[    0.000000] kvm-clock: using sched offset of 5391284334 cycles
[    0.000000] clocksource: kvm-clock: mask: 0xffffffffffffffff max_cycles: 0x1cd42e4dffb, max_idle_ns: 881590591483 ns
    0.000000] Zone ranges:
[    0.000000]   DMA      [mem 0x0000000000001000-0x0000000000ffffff]
[    0.000000]   DMA32    [mem 0x0000000001000000-0x000000003ffeffff]
[    0.000000]   Normal   empty
[    0.000000]   Device   empty
[    0.000000] Movable zone start for each node
[    0.000000] Early memory node ranges
[    0.000000]   node   0: [mem 0x0000000000001000-0x000000000009efff]
[    0.000000]   node   0: [mem 0x0000000000100000-0x000000003ffeffff]
[    0.000000] Initmem setup node 0 [mem 0x0000000000001000-0x000000003ffeffff]
[    0.000000] ACPI: PM-Timer IO Port: 0x4008
[    0.000000] IOAPIC[0]: apic_id 2, version 32, address 0xfec00000, GSI 0-23
[    0.000000] ACPI: INT_SRC_OVR (bus 0 bus_irq 0 global_irq 2 dfl dfl)
[    0.000000] ACPI: INT_SRC_OVR (bus 0 bus_irq 9 global_irq 9 high level)
[    0.000000] Using ACPI (MADT) for SMP configuration information
[    0.000000] smpboot: Allowing 2 CPUs, 0 hotplug CPUs
[    0.000000] PM: Registered nosave memory: [mem 0x00000000-0x00000fff]
[    0.000000] PM: Registered nosave memory: [mem 0x0009f000-0x0009ffff]
[    0.000000] PM: Registered nosave memory: [mem 0x000a0000-0x000effff]
[    0.000000] PM: Registered nosave memory: [mem 0x000f0000-0x000fffff]
[    0.000000] e820: [mem 0x40000000-0xfebfffff] available for PCI devices
[    0.000000] Booting paravirtualized kernel on KVM
[    0.000000] clocksource: refined-jiffies: mask: 0xffffffff max_cycles: 0xffffffff, max_idle_ns: 7645519600211568 ns
[    0.000000] setup_percpu: NR_CPUS:512 nr_cpumask_bits:512 nr_cpu_ids:2 nr_node_ids:1
[    0.000000] PERCPU: Embedded 34 pages/cpu @ffff88003fc00000 s98328 r8192 d32744 u1048576
[    0.000000] PV qspinlock hash table entries: 256 (order: 0, 4096 bytes)
[    0.000000] Built 1 zonelists in Node order, mobility grouping on.  Total pages: 257913
[    0.000000] Policy zone: DMA32
[    0.000000] Kernel command line: BOOT_IMAGE=/boot/vmlinuz-4.4.0-98-generic root=UUID=7f02e1ee-0971-468e-aad5-87cf094da023 ro console=tty1 console=ttyS0
[    0.000000] PID hash table entries: 4096 (order: 3, 32768 bytes)
[    0.000000] Memory: 997336K/1048120K available (8484K kernel code, 1294K rwdata, 3988K rodata, 1492K init, 1316K bss, 50784K reserved, 0K cma-reserved)
[    0.000000] SLUB: HWalign=64, Order=0-3, MinObjects=0, CPUs=2, Nodes=1
[    0.000000] Hierarchical RCU implementation.
[    0.000000] 	Build-time adjustment of leaf fanout to 64.
[    0.000000] 	RCU restricting CPUs from NR_CPUS=512 to nr_cpu_ids=2.
[    0.000000] RCU: Adjusting geometry for rcu_fanout_leaf=64, nr_cpu_ids=2
[    0.000000] NR_IRQS:33024 nr_irqs:440 16
[    0.000000] Console: colour VGA+ 80x25
[    0.000000] console [tty1] enabled
[    0.000000] console [ttyS0] enabled
[    0.000000] tsc: Detected 2591.998 MHz processor
[   17.329224] Calibrating delay loop (skipped) preset value.. 5183.99 BogoMIPS (lpj=10367992)
[   17.568627] pid_max: default: 32768 minimum: 301
[   17.682757] ACPI: Core revision 20150930
[   17.796663] ACPI: 2 ACPI AML tables successfully acquired and loaded
[   17.979632] Security Framework initialized
[   18.096341] Yama: becoming mindful.
[   18.202642] AppArmor: AppArmor initialized
[   18.328375] Dentry cache hash table entries: 131072 (order: 8, 1048576 bytes)
[   18.545526] Inode-cache hash table entries: 65536 (order: 7, 524288 bytes)
[   18.694999] Mount-cache hash table entries: 2048 (order: 2, 16384 bytes)
[   18.903255] Mountpoint-cache hash table entries: 2048 (order: 2, 16384 bytes)
[   19.117397] Initializing cgroup subsys io
[   19.233855] Initializing cgroup subsys memory
[   19.363323] Initializing cgroup subsys devices
[   19.503407] Initializing cgroup subsys freezer
[   19.632681] Initializing cgroup subsys net_cls
[   19.740637] Initializing cgroup subsys perf_event
[   19.857504] Initializing cgroup subsys net_prio
[   19.994231] Initializing cgroup subsys hugetlb
[   20.126796] Initializing cgroup subsys pids
[   20.255775] CPU: Physical Processor ID: 0
[   20.378754] CPU: Processor Core ID: 0
[   20.488803] mce: CPU supports 0 MCE banks
[   20.610665] Last level iTLB entries: 4KB 64, 2MB 8, 4MB 8
[   20.764588] Last level dTLB entries: 4KB 64, 2MB 0, 4MB 0, 1GB 4
[   20.886586] Freeing SMP alternatives memory: 32K
[   21.036195] ftrace: allocating 32154 entries in 126 pages
[   21.236952] smpboot: APIC(0) Converting physical 0 to logical package 0
[   21.438399] smpboot: Max logical packages: 1
[   21.572631] x2apic enabled
[   21.657394] Switched APIC routing to physical x2apic.
[   21.810075] ..TIMER: vector=0x30 apic1=0 pin1=2 apic2=-1 pin2=-1
[   22.061206] smpboot: CPU0: Intel(R) Core(TM) i7-6700HQ CPU @ 2.60GHz (family: 0x6, model: 0x5e, stepping: 0x3)
[   22.354852] Performance Events: unsupported p6 CPU model 94 no PMU driver, software events only.
[   22.598923] KVM setup paravirtual spinlock
[   22.723278] x86: Booting SMP configuration:
[   22.847899] .... node  #0, CPUs:      #1
[   22.961593] kvm-clock: cpu 1, msr 0:3ffe3041, secondary cpu clock
[   23.029279] mce: CPU supports 0 MCE banks
[   23.127320] x86: Booted up 1 node, 2 CPUs
[   23.242841] smpboot: Total of 2 processors activated (10367.99 BogoMIPS)
[   23.445424] devtmpfs: initialized
[   23.541579] evm: security.selinux
[   23.641725] evm: security.SMACK64
[   23.741908] evm: security.SMACK64EXEC
[   23.852984] evm: security.SMACK64TRANSMUTE
[   23.976372] evm: security.SMACK64MMAP
[   24.086672] evm: security.ima
[   24.127367] evm: security.capability
[   24.225383] clocksource: jiffies: mask: 0xffffffff max_cycles: 0xffffffff, max_idle_ns: 7645041785100000 ns
[   24.514280] futex hash table entries: 512 (order: 3, 32768 bytes)
[   24.694597] pinctrl core: initialized pinctrl subsystem
[   24.850066] RTC time: 21:13:33, date: 12/03/17
[   24.986697] NET: Registered protocol family 16
[   25.134877] cpuidle: using governor ladder
[   25.226432] cpuidle: using governor menu
[   25.347496] PCCT header not found.
[   25.387037] ACPI: bus type PCI registered
[   25.466811] acpiphp: ACPI Hot Plug PCI Controller Driver version: 0.5
[   25.613487] PCI: Using configuration type 1 for base access
[   25.796260] ACPI: Added _OSI(Module Device)
[   25.922956] ACPI: Added _OSI(Processor Device)
[   26.055753] ACPI: Added _OSI(3.0 _SCP Extensions)
[   26.191266] ACPI: Added _OSI(Processor Aggregator Device)
[   26.290631] ACPI: Executed 1 blocks of module-level executable AML code
[   26.465533] ACPI: Interpreter enabled
[   26.572456] ACPI: (supports S0 S5)
[   26.677616] ACPI: Using IOAPIC for interrupt routing
[   26.831943] PCI: Using host bridge windows from ACPI; if necessary, use "pci=nocrs" and report a bug
[   27.104327] ACPI: PCI Root Bridge [PCI0] (domain 0000 [bus 00-ff])
[   27.293526] acpi PNP0A03:00: _OSC: OS supports [ASPM ClockPM Segments MSI]
[   27.450170] acpi PNP0A03:00: _OSC failed (AE_NOT_FOUND); disabling ASPM
[   27.654209] acpi PNP0A03:00: fail to add MMCONFIG information, can't access extended PCI configuration space under this bridge.
[   28.000821] PCI host bridge to bus 0000:00
[   28.120374] pci_bus 0000:00: root bus resource [io  0x0000-0x0cf7 window]
[   28.321871] pci_bus 0000:00: root bus resource [io  0x0d00-0xffff window]
[   28.499432] pci_bus 0000:00: root bus resource [mem 0x000a0000-0x000bffff window]
[   28.725951] pci_bus 0000:00: root bus resource [mem 0x40000000-0xffdfffff window]
[   28.950809] pci_bus 0000:00: root bus resource [bus 00-ff]
[   29.119121] pci 0000:00:01.1: legacy IDE quirk: reg 0x10: [io  0x01f0-0x01f7]
[   29.321346] pci 0000:00:01.1: legacy IDE quirk: reg 0x14: [io  0x03f6]
[   29.497749] pci 0000:00:01.1: legacy IDE quirk: reg 0x18: [io  0x0170-0x0177]
[   29.647379] pci 0000:00:01.1: legacy IDE quirk: reg 0x1c: [io  0x0376]
[   29.852681] pci 0000:00:07.0: quirk: [io  0x4000-0x403f] claimed by PIIX4 ACPI
[   30.058111] pci 0000:00:07.0: quirk: [io  0x4100-0x410f] claimed by PIIX4 SMB
[   30.262639] ACPI: PCI Interrupt Link [LNKA] (IRQs 5 9 10 *11)
[   30.405933] ACPI: PCI Interrupt Link [LNKB] (IRQs 5 9 10 *11)
[   30.545058] ACPI: PCI Interrupt Link [LNKC] (IRQs 5 9 *10 11)
[   30.673561] ACPI: PCI Interrupt Link [LNKD] (IRQs 5 *9 10 11)
[   30.812314] ACPI: Enabled 2 GPEs in block 00 to 07
[   30.922250] vgaarb: setting as boot device: PCI:0000:00:02.0
[   31.056084] vgaarb: device added: PCI:0000:00:02.0,decodes=io+mem,owns=io+mem,locks=none
[   31.283643] vgaarb: loaded
[   31.353263] vgaarb: bridge control possible 0000:00:02.0
[   31.497367] SCSI subsystem initialized
[   31.599860] ACPI: bus type USB registered
[   31.708597] usbcore: registered new interface driver usbfs
[   31.817509] usbcore: registered new interface driver hub
[   31.979695] usbcore: registered new device driver usb
[   32.120421] PCI: Using ACPI for IRQ routing
[   32.240692] NetLabel: Initializing
[   32.346814] NetLabel:  domain hash size = 128
[   32.475104] NetLabel:  protocols = UNLABELED CIPSOv4
[   32.598330] NetLabel:  unlabeled traffic allowed by default
[   32.757879] amd_nb: Cannot enumerate AMD northbridges
[   32.875548] clocksource: Switched to clocksource kvm-clock
[   33.007089] AppArmor: AppArmor Filesystem Enabled
[   33.154186] pnp: PnP ACPI init
[   33.253339] pnp: PnP ACPI: found 3 devices
[   33.395311] clocksource: acpi_pm: mask: 0xffffff max_cycles: 0xffffff, max_idle_ns: 2085701024 ns
[   33.671109] NET: Registered protocol family 2
[   33.795405] TCP established hash table entries: 8192 (order: 4, 65536 bytes)
[   33.999746] TCP bind hash table entries: 8192 (order: 5, 131072 bytes)
[   34.205231] TCP: Hash tables configured (established 8192 bind 8192)
[   34.401703] UDP hash table entries: 512 (order: 2, 16384 bytes)
[   34.585583] UDP-Lite hash table entries: 512 (order: 2, 16384 bytes)
[   34.787051] NET: Registered protocol family 1
[   34.920607] pci 0000:00:00.0: Limiting direct PCI/PCI transfers
[   35.095735] pci 0000:00:01.0: Activating ISA DMA hang workarounds
[   35.284368] Unpacking initramfs...
[   35.617201] Freeing initrd memory: 15228K
[   35.769350] platform rtc_cmos: registered platform RTC device (no PNP device found)
[   36.141205] Scanning for low memory corruption every 60 seconds
[   36.181222] audit: initializing netlink subsys (disabled)
[   36.481758] audit: type=2000 audit(1512335599.442:1): initialized
[   36.782191] tsc: Refined TSC clocksource calibration: 2591.696 MHz
[   36.792086] Initialise system trusted keyring
[   36.792162] HugeTLB registered 2 MB page size, pre-allocated 0 pages
[   36.793313] zbud: loaded
[   36.793456] VFS: Disk quotas dquot_6.6.0
[   36.793481] VFS: Dquot-cache hash table entries: 512 (order 0, 4096 bytes)
[   36.793679] squashfs: version 4.0 (2009/01/31) Phillip Lougher
[   37.044156] fuse init (API version 7.23)
[   37.044290] Key type big_key registered
[   37.044310] Allocating IMA MOK and blacklist keyrings.
[   37.044488] Key type asymmetric registered
[   37.044494] Asymmetric key parser 'x509' registered
[   37.044532] Block layer SCSI generic (bsg) driver version 0.4 loaded (major 249)
[   37.044553] io scheduler noop registered
[   37.044555] io scheduler deadline registered (default)
[   37.044579] io scheduler cfq registered
[   37.044656] pci_hotplug: PCI Hot Plug PCI Core version: 0.5
[   37.044660] pciehp: PCI Express Hot Plug Controller Driver version: 0.4
[   37.044956] ACPI: AC Adapter [AC] (on-line)
[   37.045001] input: Power Button as /devices/LNXSYSTM:00/LNXPWRBN:00/input/input0
[   37.045004] ACPI: Power Button [PWRF]
[   37.045075] input: Sleep Button as /devices/LNXSYSTM:00/LNXSLPBN:00/input/input1
[   37.045077] ACPI: Sleep Button [SLPF]
[   37.045211] GHES: HEST is not enabled!
[   37.045281] Serial: 8250/16550 driver, 32 ports, IRQ sharing enabled
[   37.238856] 00:02: ttyS0 at I/O 0x3f8 (irq = 4, base_baud = 115200) is a 16550A
[   37.263335] Linux agpgart interface v0.103
[   37.372490] loop: module loaded
[   37.373018] scsi host0: ata_piix
[   37.373062] scsi host1: ata_piix
[   37.373087] ata1: PATA max UDMA/33 cmd 0x1f0 ctl 0x3f6 bmdma 0xd000 irq 14
[   37.373088] ata2: PATA max UDMA/33 cmd 0x170 ctl 0x376 bmdma 0xd008 irq 15
[   37.373151] libphy: Fixed MDIO Bus: probe
[   37.373154] tun: Universal TUN/TAP device driver, 1.6
[   37.373154] tun: (C) 1999-2004 Max Krasnyansky <maxk@qualcomm.com>
[   37.373214] PPP generic driver version 2.4.2
[   37.373267] ehci_hcd: USB 2.0 'Enhanced' Host Controller (EHCI) Driver
[   37.373272] ehci-pci: EHCI PCI platform driver
[   37.373286] ehci-platform: EHCI generic platform driver
[   37.373293] ohci_hcd: USB 1.1 'Open' Host Controller (OHCI) Driver
[   37.373296] ohci-pci: OHCI PCI platform driver
[   37.373305] ohci-platform: OHCI generic platform driver
[   37.373312] uhci_hcd: USB Universal Host Controller Interface driver
[   37.373369] i8042: PNP: PS/2 Controller [PNP0303:PS2K,PNP0f03:PS2M] at 0x60,0x64 irq 1,12
[   37.373820] serio: i8042 KBD port at 0x60,0x64 irq 1
[   37.373824] serio: i8042 AUX port at 0x60,0x64 irq 12
[   37.373905] mousedev: PS/2 mouse device common for all mice
[   37.374134] input: AT Translated Set 2 keyboard as /devices/platform/i8042/serio0/input/input2
[   37.374452] rtc_cmos rtc_cmos: rtc core: registered rtc_cmos as rtc0
[   37.374500] rtc_cmos rtc_cmos: alarms up to one day, 114 bytes nvram
[   37.374504] i2c /dev entries driver
[   37.374551] device-mapper: uevent: version 1.0.3
[   37.374594] device-mapper: ioctl: 4.34.0-ioctl (2015-10-28) initialised: dm-devel@redhat.com
[   37.374607] ledtrig-cpu: registered to indicate activity on CPUs
[   37.374819] NET: Registered protocol family 10
[   37.374943] NET: Registered protocol family 17
[   37.374950] Key type dns_resolver registered
[   37.375055] microcode: CPU0 sig=0x506e3, pf=0x2, revision=0x0
[   37.470875] microcode: CPU1 sig=0x506e3, pf=0x2, revision=0x0
[   37.470950] microcode: Microcode Update Driver: v2.01 <tigran@aivazian.fsnet.co.uk>, Peter Oruba
[   37.471065] registered taskstats version 1
[   37.471086] Loading compiled-in X.509 certificates
[   37.471670] Loaded X.509 cert 'Build time autogenerated kernel key: 7431eaeda5a51458aeb00f8de0f18f89e178d882'
[   37.471690] zswap: loaded using pool lzo/zbud
[   37.472650] ACPI: Battery Slot [BAT0] (battery present)
[   37.474744] Key type trusted registered
[   37.476745] Key type encrypted registered
[   37.476750] AppArmor: AppArmorssha1 policy hashing enabled
[   37.476753] ima: No TPM chip found, activating TPM-bypass!
[   37.476770] evm: HMAC attrs: 0x1
[   37.477029]   Magic number: 13:557:246
[   37.618162] rtc_cmos rtc_cmos: setting system clock to 2017-12-03 21:13:45 UTC (1512335625)
[   37.618322] BIOS EDD facility v0.16 2004-Jun-25, 0 devices found
[   37.618323] EDD information not available.
[   48.271664] clocksource: tsc: mask: 0xffffffffffffffff max_cycles: 0x255b9788dd0, max_idle_ns: 440795286217 ns
[   48.576462] Freeing unused kernel memory: 1492K
[   48.723130] Write protecting the kernel read-only data: 14336k
[   48.909321] Freeing unused kernel memory: 1744K
[   49.046884] Freeing unused kernel memory: 108K
Loading, please [   49.192472] random: systemd-udevd: uninitialized urandom read (16 bytes read, 7 bits of entropy available)
wait...
startin[   49.192919] random: udevadm: uninitialized urandom read (16 bytes read, 7 bits of entropy available)
g version 229
[   49.192931] random: udevadm: uninitialized urandom read (16 bytes read, 7 bits of entropy available)
[   49.198135] random: udevadm: uninitialized urandom read (16 bytes read, 7 bits of entropy available)
[   49.198161] random: udevadm: uninitialized urandom read (16 bytes read, 7 bits of entropy available)
[   49.198366] random: udevadm: uninitialized urandom read (16 bytes read, 7 bits of entropy available)
[   49.198412] random: udevadm: uninitialized urandom read (16 bytes read, 7 bits of entropy available)
[   49.198444] random: udevadm: uninitialized urandom read (16 bytes read, 7 bits of entropy available)
[   49.198474] random: udevadm: uninitialized urandom read (16 bytes read, 7 bits of entropy available)
[   49.198503] random: udevadm: uninitialized urandom read (16 bytes read, 7 bits of entropy available)
[   51.815747] e1000: Intel(R) PRO/1000 Network Driver - version 7.3.21-k8-NAPI
[   52.000354] e1000: Copyright (c) 1999-2006 Intel Corporation.
[   52.171259] AVX version of gcm_enc/dec engaged.
[   52.172600] Fusion MPT base driver 3.04.20
[   52.172600] Copyright (c) 1999-2008 LSI Corporation
[   52.738685] AES CTR mode by8 optimization enabled
[   52.857389] input: ImExPS/2 Generic Explorer Mouse as /devices/platform/i8042/serio1/input/input4
[   53.260841] Fusion MPT SPI Host driver 3.04.20
[   53.613115] e1000 0000:00:03.0 eth0: (PCI:33MHz:32-bit) 02:d3:33:50:ae:ce
[   53.823988] e1000 0000:00:03.0 eth0: Intel(R) PRO/1000 Network Connection
[   54.008999] mptbase: ioc0: Initiating bringup
[   54.009490] e1000 0000:00:03.0 enp0s3: renamed from eth0
[   54.372139] ioc0: LSI53C1030 A0: Capabilities={Initiator}
[   54.731030] scsi host2: ioc0: LSI53C1030 A0, FwRev=00000000h, Ports=1, MaxQ=256, IRQ=20
[   55.008933] floppy0: no floppy controllers found
[   55.208958] scsi 2:0:0:0: Direct-Access     VBOX     HARDDISK         1.0  PQ: 0 ANSI: 5
[   55.551339] scsi target2:0:0: Beginning Domain Validation
[   55.764628] scsi target2:0:0: Domain Validation skipping write tests
[   55.809031] scsi target2:0:0: Ending Domain Validation
[   55.881560] scsi target2:0:0: asynchronous
[   55.937089] scsi 2:0:1:0: Direct-Access     VBOX     HARDDISK         1.0  PQ: 0 ANSI: 5
[   56.039858] scsi target2:0:1: Beginning Domain Validation
[   56.144161] scsi target2:0:1: Domain Validation skipping write tests
[   56.366774] scsi target2:0:1: Ending Domain Validation
[   56.559485] scsi target2:0:1: asynchronous
[   56.730076] sd 2:0:0:0: [sda] 20971520 512-byte logical blocks: (10.7 GB/10.0 GiB)
[   56.730149] sd 2:0:0:0: Attached scsi generic sg0 type 0
[   56.947314] sd 2:0:1:0: Attached scsi generic sg1 type 0
[   57.204210] sd 2:0:1:0: [sdb] 20480 512-byte logical blocks: (10.5 MB/10.0 MiB)
[   57.508709] sd 2:0:0:0: [sda] Write Protect is off
[   57.727836] sd 2:0:1:0: [sdb] Write Protect is off
[   57.992221] sd 2:0:0:0: [sda] Incomplete mode parameter data
[   58.205389] sd 2:0:0:0: [sda] Assuming drive cache: write through
[   58.207906] sd 2:0:1:0: [sdb] Incomplete mode parameter data
[   58.207907] sd 2:0:1:0: [sdb] Assuming drive cache: write through
[   58.248393] sd 2:0:1:0: [sdb] Attached SCSI disk
[   58.803466]  sda: sda1
[   58.877105] sd 2:0:0:0: [sda] Attached SCSI disk
Begin: Loading e[   60.390114] md: linear personality registered for level -1
ssential drivers[   60.457226] md: multipath personality registered for level -4
 ... [   60.728340] md: raid0 personality registered for level 0
[   60.886608] md: raid1 personality registered for level 1
[   61.115560] raid6: sse2x1   gen()  8355 MB/s
[   61.296070] raid6: sse2x1   xor()  5314 MB/s
[   61.491632] raid6: sse2x2   gen()  9746 MB/s
[   61.635664] raid6: sse2x2   xor()  7193 MB/s
[   61.823953] raid6: sse2x4   gen() 11555 MB/s
[   61.995591] raid6: sse2x4   xor()  7525 MB/s
[   62.109963] raid6: using algorithm sse2x4 gen() 11555 MB/s
[   62.276431] raid6: .... xor() 7525 MB/s, rmw enabled
[   62.423889] raid6: using ssse3x2 recovery algorithm
[   62.544334] xor: automatically using best checksumming function:
[   62.676034]    avx       : 21428.000 MB/sec
[   62.889208] async_tx: api initialized (async)
[   63.034863] md: raid6 personality registered for level 6
[   63.192559] md: raid5 personality registered for level 5
[   63.332317] md: raid4 personality registered for level 4
[   63.489386] md: raid10 personality registered for level 10
done.
Begin: Running /scripts/i[   63.683950] Btrfs loaded
nit-premount ... done.
Begin: Mounting root file system ... Begin: Running /scripts/local-top ... done.
Begin: Running /scripts/local-premount ... Scanning for Btrfs filesystems
done.
Warning: fsck no[   63.751564] EXT4-fs (sda1): mounted filesystem with ordered data mode. Opts: (null)
t present, so skipping root file system
done.
Begin: Running /scripts/local-bottom ... done.
Begin: Running /scripts/init-bottom ... done.
[   64.092316] systemd[1]: systemd 229 running in system mode. (+PAM +AUDIT +SELINUX +IMA +APPARMOR +SMACK +SYSVINIT +UTMP +LIBCRYPTSETUP +GCRYPT +GNUTLS +ACL +XZ -LZ4 +SECCOMP +BLKID +ELFUTILS +KMOD -IDN)
[   64.627583] systemd[1]: Detected virtualization oracle.
[   64.776075] systemd[1]: Detected architecture x86-64.

Welcome to [1mUbuntu 16.04.3 LTS[0m!

[   64.930431] systemd[1]: Set hostname to <xenial>.
[   65.126452] random: nonblocking pool is initialized
[   65.350032] systemd[1]: Listening on LVM2 poll daemon socket.
[[0;32m  OK  [0m] Listening on LVM2 poll daemon socket.
[   65.571992] systemd[1]: Listening on Journal Socket.
[[0;32m  OK  [0m] Listening on Journal Socket.
[   65.781874] systemd[1]: Reached target User and Group Name Lookups.
[[0;32m  OK  [0m] Reached target User and Group Name Lookups.
[   66.028453] systemd[1]: Listening on udev Kernel Socket.
[[0;32m  OK  [0m] Listening on udev Kernel Socket.
[   66.256618] systemd[1]: Reached target Encrypted Volumes.
[[0;32m  OK  [0m] Reached target Encrypted Volumes.
[   66.476343] systemd[1]: Listening on Syslog Socket.
[[0;32m  OK  [0m] Listening on Syslog Socket.
[   66.668387] systemd[1]: Reached target Swap.
[[0;32m  OK  [0m] Reached target Swap.
[   66.832732] systemd[1]: Created slice System Slice.
[[0;32m  OK  [0m] Created slice System Slice.
[   67.028431] systemd[1]: Starting Nameserver information manager...
         Starting Nameserver information manager...
[   67.260010] systemd[1]: Starting Uncomplicated firewall...
         Starting Uncomplicated firewall...
[   67.475708] systemd[1]: Mounting Huge Pages File System...
         Mounting Huge Pages File System...
[   67.698842] systemd[1]: Starting Set console keymap...
         Starting Set console keymap...
[   67.895911] systemd[1]: Mounting POSIX Message Queue File System...
         Mounting POSIX Message Queue File System...
[   68.103942] systemd[1]: Started Trigger resolvconf update for networkd DNS.
[[0;32m  OK  [0m] Started Trigger resolvconf update for networkd DNS.
[   68.396338] systemd[1]: Listening on LVM2 metadata daemon socket.
[[0;32m  OK  [0m] Listening on LVM2 metadata daemon socket.
[   68.632192] systemd[1]: Started Forward Password Requests to Wall Directory Watch.
[[0;32m  OK  [0m] Started Forward Password Requests to Wall Directory Watch.
[   68.939943] systemd[1]: Listening on Journal Audit Socket.
[[0;32m  OK  [0m] Listening on Journal Audit Socket.
[   69.156055] systemd[1]: Listening on Device-mapper event daemon FIFOs.
[[0;32m  OK  [0m] Listening on Device-mapper event daemon FIFOs.
[   69.416460] systemd[1]: Set up automount Arbitrary Executable File Formats File System Automount Point.
[[0;32m  OK  [0m] Set up automount Arbitrary Executab...ats File System Automount Point.
[   69.796003] systemd[1]: Starting Remount Root and Kernel File Systems...
         [   70.009435] EXT4-fs (sda1): re-mounted. Opts: (null)
Starting Remount Root and Kernel File Systems...
[   70.212096] systemd[1]: Listening on udev Control Socket.
[[0;32m  OK  [0m] Listening on udev Control Socket.
[   70.424091] systemd[1]: Starting Monitoring of LVM2 mirrors, snapshots etc. using dmeventd or progress polling...
         Starting Monitoring of LVM2 mirrors... dmeventd or progress polling...
[   70.828360] systemd[1]: Listening on Journal Socket (/dev/log).
[[0;32m  OK  [0m] Listening on Journal Socket (/dev/log).
[   71.069669] systemd[1]: Starting Journal Service...
         Starting Journal Service...
[   71.212409] systemd[1]: Listening on /dev/initctl Compatibility Named Pipe.
[[0;32m  OK  [0m] Listening on /dev/initctl Compatibility Named Pipe.
[   71.496686] systemd[1]: Created slice system-serial\x2dgetty.slice.
[[0;32m  OK  [0m] Created slice system-serial\x2dgetty.slice.
[   71.780066] systemd[1]: Starting Load Kernel Modules...
         Starting Load Ke[   71.935961] Loading iSCSI transport class v2.0-870.
rnel Modules...
[   72.108155] iscsi: registered transport (tcp)
[   72.260103] systemd[1]: Starting Create list of required static device nodes for the current kernel...
         Starting Create list of[   72.563745] iscsi: registered transport (iser)
 required st... nodes for the current kernel...
[   72.815758] systemd[1]: Mounting Debug File System...
         Mounting Debug File System...
[   73.040043] systemd[1]: Created slice User and Session Slice.
[[0;32m  OK  [0m] Created slice User and Session Slice.
[   73.300225] systemd[1]: Reached target Slices.
[[0;32m  OK  [0m] Reached target Slices.
[   73.516595] systemd[1]: Mounted POSIX Message Queue File System.
[[0;32m  OK  [0m] Mounted POSIX Message Queue File System.
[   73.652287] systemd[1]: Mounted Huge Pages File System.
[[0;32m  OK  [0m] Mounted Huge Pages File System.
[   73.884084] systemd[1]: Mounted Debug File System.
[[0;32m  OK  [0m] Mounted Debug File System.
[   74.084036] systemd[1]: Started Journal Service.
[[0;32m  OK  [0m] Started Journal Service.
[[0;32m  OK  [0m] Started Uncomplicated firewall.
[[0;32m  OK  [0m] Started Set console keymap.
[[0;32m  OK  [0m] Started Remount Root and Kernel File Systems.
[[0;32m  OK  [0m] Started Load Kernel Modules.
[[0;32m  OK  [0m] Started Create list of required sta...ce nodes for the current kernel.
[[0;32m  OK  [0m] Started Nameserver information manager.
[[0;32m  OK  [0m] Started LVM2 metadata daemon.
         Starting Create Static Device Nodes in /dev...
         Mounting FUSE Control File System...
         Starting Apply Kernel Variables...
         Starting udev Coldplug all Devices...
         Starting Initial cloud-init job (pre-networking)...
         Starting Load/Save Random Seed...
         Starting Flush Journal to Persistent Storage...
[[0;32m  OK  [0m] Mounted FUSE Control File System.
[[0;32m  OK  [0m] Started Monitoring of LVM2 mirrors,...ng dmeventd or progress polling.
[[0;32m  OK  [0m] Started Create Static Device Nodes in /dev.
[[0;32m  OK  [0m] Started Apply Kernel Variables.
[[0;32m  OK  [0m] Started Load/Save Random Seed.
[[0;32m  OK  [0m] Started udev Coldplug all Devices.
[[0;32m  OK  [0m] Started Flush Journal to Persistent Storage.
         Starting udev Kernel Device Manager...
[[0;32m  OK  [0m] Started udev Kernel Device Manager.
[[0;32m  OK  [0m] Reached target Local File Systems (Pre).
[[0;32m  OK  [0m] Reached target Local File Systems.
         Starting LSB: AppArmor initialization...
         Starting Set console font and keymap...
[   43.898543] cloud-init[462]: Cloud-init v. 0.7.9 running 'init-local' at Sun, 03 Dec 2017 21:14:23 +0000. Up 43.55 seconds.
         Starting Create Volatile Files and Directories...
         Starting Tell Plymouth To Write Out Runtime Data...
[[0;32m  OK  [0m] Started Dispatch Password Requests to Console Directory Watch.
[[0;32m  OK  [0m] Started Set console font and keymap.
[[0;32m  OK  [0m] Started Create Volatile Files and Directories.
[[0;32m  OK  [0m] Started Tell Plymouth To Write Out Runtime Data.
[[0;32m  OK  [0m] Started Initial cloud-init job (pre-networking).
[[0;32m  OK  [0m] Found device /dev/ttyS0.
[[0;32m  OK  [0m] Listening on Load/Save RF Kill Switch Status /dev/rfkill Watch.
[[0;32m  OK  [0m] Reached target Network (Pre).
         Starting Update UTMP about System Boot/Shutdown...
[[0;32m  OK  [0m] Reached target System Time Synchronized.
[[0;32m  OK  [0m] Created slice system-getty.slice.
[[0;32m  OK  [0m] Started LSB: AppArmor initialization.
         Starting Raise network interfaces...
[[0;32m  OK  [0m] Started ifup for enp0s3.
[[0;32m  OK  [0m] Started Update UTMP about System Boot/Shutdown.
[[0;32m  OK  [0m] Started Raise network interfaces.
[[0;32m  OK  [0m] Reached target Network.
         Starting Initial cloud-init job (metadata service crawler)...
[   47.445504] cloud-init[968]: Cloud-init v. 0.7.9 running 'init' at Sun, 03 Dec 2017 21:14:27 +0000. Up 47.17 seconds.
[   47.569030] cloud-init[968]: ci-info: +++++++++++++++++++++++++++++++++++++Net device info++++++++++++++++++++++++++++++++++++++
[   47.569681] cloud-init[968]: ci-info: +--------+------+----------------------------+---------------+-------+-------------------+
[[0;32m  OK  [0m] Started Initial cloud-init job (metadata service crawler).
[   47.570009] cloud-init[968]: ci-info: | Device |  Up  |          Address           |      Mask     | Scope |     Hw-Address    |
[   48.068626] cloud-init[968]: ci-info: +--------+------+----------------------------+---------------+-------+-------------------+
[   48.069071] cloud-init[968]: ci-info: |   lo   | True |         127.0.0.1          |   255.0.0.0   |   .   |         .         |
[[0;32m  OK  [0m] Reached target Network is Online.
[   48.069272] cloud-init[968]: ci-info: |   lo   | True |          ::1/128           |       .       |  host |         .         |
[   48.484565] cloud-init[968]: ci-info: | enp0s3 | True |         10.0.2.15          | 255.255.255.0 |   .   | 02:d3:33:50:ae:ce |
[   48.485253] cloud-init[968]: ci-info: | enp0s3 | True | fe80::d3:33ff:fe50:aece/64 |       .       |  link | 02:d3:33:50:ae:ce |
         Starting iSCSI initiator daemon (iscsid)...
[[   48.485548] cloud-init[968]: ci-info: +--------+------+----------------------------+---------------+-------+-------------------+
[   48.806982] cloud-init[968]: ci-info: +++++++++++++++++++++++++++Route IPv4 info++++++++++++++++++++++++++++
[0;32m  OK  [0m] Reached target Cloud-config availability.
[[   48.807174] cloud-init[968]: ci-info: +-------+-------------+----------+---------------+-----------+-------+
[   49.138115] cloud-init[968]: ci-info: | Route | Destination | Gateway  |    Genmask    | Interface | Flags |
[0;32m  OK  [0m] Reached target System Initialization.
[[   49.138369] cloud-init[968]: ci-info: +-------+-------------+----------+---------------+-----------+-------+
[   49.405931] cloud-init[968]: ci-info: |   0   |   0.0.0.0   | 10.0.2.2 |    0.0.0.0    |   enp0s3  |   UG  |
[0;32m  OK  [0m] Listening on UUID daemon activation socket.
[   49.406175] cloud-init[968]: ci-info: |   1   |   10.0.2.0  | 0.0.0.0  | 255.255.255.0 |   enp0s3  |   U   |
[   49.824542] cloud-init[968]: ci-info: +-------+-------------+----------+---------------+-----------+-------+
         Starting LXD - unix socket.
[[0;32m  OK  [0m] Started Timer to automatically refresh installed snaps.
[[0;32m  OK  [0m] Listening on D-Bus System Message Bus Socket.
[[0;32m  OK  [0m] Started Timer to automatically fetch and run repair assertions.
         Starting Socket activation for snappy daemon.
[[0;32m  OK  [0m] Started Daily Cleanup of Temporary Directories.
[[0;32m  OK  [0m] Started Daily apt download activities.
[[0;32m  OK  [0m] Started Daily apt upgrade and clean activities.
[[0;32m  OK  [0m] Reached target Timers.
[[0;32m  OK  [0m] Started ACPI Events Check.
[[0;32m  OK  [0m] Reached target Paths.
[[0;32m  OK  [0m] Listening on ACPID Listen Socket.
[[0;32m  OK  [0m] Listening on LXD - unix socket.
[[0;32m  OK  [0m] Listening on Socket activation for snappy daemon.
[[0;32m  OK  [0m] Started iSCSI initiator daemon (iscsid).
         Starting Login to default iSCSI targets...
[[0;32m  OK  [0m] Reached target Sockets.
[[0;32m  OK  [0m] Reached target Basic System.
[[0;32m  OK  [0m] Started Deferred execution scheduler.
[[0;32m  OK  [0m] Started Unattended Upgrades Shutdown.
         Starting Apply the settings specified in cloud-config...
         Starting vboxadd-x11.service...
[[0;32m  OK  [0m] Started ACPI event daemon.
[   51.524667] cloud-init[1030]: Cloud-init v. 0.7.9 running 'modules:config' at Sun, 03 Dec 2017 21:14:31 +0000. Up 51.41 seconds.
         Starting LSB: MD monitoring daemon...
         Starting Login Service...
[[0;32m  OK  [0m] Started Regular background program processing daemon.
         Starting /etc/rc.local Compatibility...
[[0;32m  OK  [0m] Started FUSE filesystem for LXC.
         Starting vboxadd.service...
         Starting A high performance web server and a reverse proxy server...
         Starting OpenBSD Secure Shell server...
         Starting Accounts Service...
         Starting Snappy daemon...
         Starting Automatically fetch and run repair assertions...
[[0;32m  OK  [0m] Started D-Bus System Message Bus.
         Starting LSB: Record successful boot for GRUB...
         Starting MySQL Community Server...
         Starting System Logging Service...
         Starting LXD - container startup/shutdown...
[[0;32m  OK  [0m] Started OpenBSD Secure Shell server.
[[0;32m  OK  [0m] Started Snappy daemon.
[[0;32m  OK  [0m] Started System Logging Service.
[[0;32m  OK  [0m] Started Apply the settings specified in cloud-config.
[[0;32m  OK  [0m] Started vboxadd-x11.service.
[[0;32m  OK  [0m] Started /etc/rc.local Compatibility.
[[0;32m  OK  [0m] Started vboxadd.service.
[[0;32m  OK  [0m] Started Automatically fetch and run repair assertions.
[[0;32m  OK  [0m] Started LXD - container startup/shutdown.
[[0;32m  OK  [0m] Started A high performance web server and a reverse proxy server.
[[0;32m  OK  [0m] Started Login to default iSCSI targets.
[[0;32m  OK  [0m] Started LSB: MD monitoring daemon.
[[0;32m  OK  [0m] Started LSB: Record successful boot for GRUB.
[[0;32m  OK  [0m] Started Login Service.
         Starting Authenticate and Authorize Users to Run Privileged Tasks...
[[0;32m  OK  [0m] Reached target Remote File Systems (Pre).
[[0;32m  OK  [0m] Reached target Remote File Systems.
         Starting LSB: Set the CPU Frequency Scaling governor to "ondemand"...
         Starting LSB: automatic crash report generation...
         Starting LSB: daemon to balance interrupts for SMP systems...
         Starting Permit User Sessions...
         Starting vboxadd-service.service...
         Starting Auto import assertions from block devices...
[[0;32m  OK  [0m] Started Permit User Sessions.
[[0;32m  OK  [0m] Started vboxadd-service.service.
[[0;32m  OK  [0m] Started Auto import assertions from block devices.
[[0;32m  OK  [0m] Started MySQL Community Server.
[[0;32m  OK  [0m] Started Authenticate and Authorize Users to Run Privileged Tasks.
[[0;32m  OK  [0m] Started Accounts Service.
[[0;32m  OK  [0m] Started LSB: Set the CPU Frequency Scaling governor to "ondemand".
[[0;32m  OK  [0m] Started LSB: automatic crash report generation.
[[0;32m  OK  [0m] Started LSB: daemon to balance interrupts for SMP systems.
[[0;32m  OK  [0m] Created slice User Slice of ubuntu.
         Starting User Manager for UID 1000...
[[0;32m  OK  [0m] Started Session 1 of user ubuntu.
         Starting Terminate Plymouth Boot Screen...
         Starting Hold until boot process finishes up...
[[0;32m  OK  [0m] Started User Manager for UID 1000.
[[0;32m  OK  [0m] Started Terminate Plymouth Boot Screen.
[[0;32m  OK  [0m] Started Hold until boot process finishes up.
[[0;32m  OK  [0m] Started Serial Getty on ttyS0.
[[0;32m  OK  [0m] Started Getty on tty1.
[[0;32m  OK  [0m] Reached target Login Prompts.
         Starting Set console scheme...
[[0;32m  OK  [0m] Reached target Multi-User System.
[[0;32m  OK  [0m] Reached target Graphical Interface.
         Starting Update UTMP about System Runlevel Changes...
         Starting Execute cloud user/final scripts...
[[0;32m  OK  [0m] Started Set console scheme.
[[0;32m  OK  [0m] Started Update UTMP about System Runlevel Changes.
[   55.945833] cloud-init[1337]: Cloud-init v. 0.7.9 running 'modules:final' at Sun, 03 Dec 2017 21:14:35 +0000. Up 55.80 seconds.
[   56.064644] cloud-init[1337]: Cloud-init v. 0.7.9 finished at Sun, 03 Dec 2017 21:14:36 +0000. Datasource DataSourceNoCloud [seed=/dev/sdb][dsmode=net].  Up 55.93 seconds
[[0;32m  OK  [0m] Started Execute cloud user/final scripts.
         Starting Daily apt download activities...
[[0;32m  OK  [0m] Reached target Cloud-init target.
         Starting Hostname Service...
[[0;32m  OK  [0m] Started Hostname Service.
         Stopping User Manager for UID 1000...
[[0;32m  OK  [0m] Stopped User Manager for UID 1000.
[[0;32m  OK  [0m] Removed slice User Slice of ubuntu.

Ubuntu 16.04.3 LTS xenial ttyS0

xenial login: [[0;32m  OK  [0m] Started ACPI event daemon.
         Stopping LSB: automatic crash report generation...
[[0;32m  OK  [0m] Stopped LSB: automatic crash report generation.
[[0;32m  OK  [0m] Started ACPI event daemon.
[[0;32m  OK  [0m] Started ACPI event daemon.
[[0;32m  OK  [0m] Started ACPI event daemon.
[[0;32m  OK  [0m] Started ACPI event daemon.
[[0;32m  OK  [0m] Started ACPI event daemon.
         Starting LSB: automatic crash report generation...
[[0;32m  OK  [0m] Started LSB: automatic crash report generation.
[[0;32m  OK  [0m] Started ACPI event daemon.
[[0;32m  OK  [0m] Created slice User Slice of ubuntu.
         Starting User Manager for UID 1000...
[[0;32m  OK  [0m] Started Session 2 of user ubuntu.
[[0;32m  OK  [0m] Started User Manager for UID 1000.
[[0;32m  OK  [0m] Started ACPI event daemon.
[[0;32m  OK  [0m] Started Daily apt upgrade and clean activities.
         Stopn         Stopping vboxadd-x11.service...
         Stopping MySQL Community Server...
         Stopping A high performance web server and a reverse proxy server...
         Stopping FUSE filesystem for LXC...
         Stopping LSB: daemon to balance interrupts for SMP systems...
         Stopping Authenticate and Authorize Users to Run Privileged Tasks...
         Stopping LSB: automatic crash report generation...
         Stopping LSB: Record successful boot for GRUB...
         Stopping System Logging Service...
         Stopping LSB: Set the CPU Frequency Scaling governor to "ondemand"...
[[0;32m  OK  [0m] Stopped Apply the settings specified in cloud-config.
[[0;32m  OK  [0m] Stopped target Cloud-config availability.
[[0;32m  OK  [0m] Stopped Daily apt upgrade and clean activities.
[[0;32m  OK  [0m] Stopped Daily apt download activities.
         Stopping D-Bus System Message Bus...
[[0;32m  OK  [0m] Closed Load/Save RF Kill Switch Status /dev/rfkill Watch.
         Stopping LXD - container startup/shutdown...
[[0;32m  OK  [0m] Stopped Timer to automatically refresh installed snaps.
[[0;32m  OK  [0m] Stopped target System Time Synchronized.
         Stopping OpenBSD Secure Shell server...
         Stopping User Manager for UID 1000...
         Stopping vboxadd-service.service...
         Stopping Unattended Upgrades Shutdown...
[[0;32m  OK  [0m] Unmounted /var/lib/lxcfs.
[[0;32m  OK  [0m] Stopped Deferred execution scheduler.
[[0;32m  OK  [0m] Stopped ACPI event daemon.
[[0;32m  OK  [0m] Stopped Regular background program processing daemon.
[[0;32m  OK  [0m] Stopped OpenBSD Secure Shell server.
[[0;32m  OK  [0m] Stopped Accounts Service.
[[0;32m  OK  [0m] Stopped Snappy daemon.
[[0;32m  OK  [0m] Stopped System Logging Service.
[[0;32m  OK  [0m] Stopped MySQL Community Server.
[[0;32m  OK  [0m] Stopped Authenticate and Authorize Users to Run Privileged Tasks.
[[0;32m  OK  [0m] Stopped Serial Getty on ttyS0.
[[0;32m  OK  [0m] Stopped Getty on tty1.
[[0;32m  OK  [0m] Stopped User Manager for UID 1000.
[[0;32m  OK  [0m] Stopped Session 11 of user ubuntu.
[[0;32m  OK  [0m] Stopped vboxadd-x11.service.
[[0;32m  OK  [0m] Stopped A high performance web server and a reverse proxy server.
[[0;32m  OK  [0m] Stopped D-Bus System Message Bus.
[[0;32m  OK  [0m] Stopped vboxadd-service.service.
[[0;32m  OK  [0m] Stopped Unattended Upgrades Shutdown.
[[0;32m  OK  [0m] Stopped FUSE filesystem for LXC.
[[0;32m  OK  [0m] Stopped LSB: MD monitoring daemon.
[[0;32m  OK  [0m] Stopped LSB: daemon to balance interrupts for SMP systems.
[[0;32m  OK  [0m] Stopped LSB: automatic crash report generation.
[[0;32m  OK  [0m] Stopped LSB: Record successful boot for GRUB.
[[0;32m  OK  [0m] Stopped LSB: Set the CPU Frequency Scaling governor to "ondemand".
[[0;32m  OK  [0m] Stopped LXD - container startup/shutdown.
         Stopping vboxadd.service...
[[0;32m  OK  [0m] Removed slice User Slice of ubuntu.
         Stopping Login Service...
[[0;32m  OK  [0m] Removed slice system-getty.slice.
[[0;32m  OK  [0m] Stopped /etc/rc.local Compatibility.
         Stopping Permit User Sessions...
[[0;32m  OK  [0m] Removed slice system-serial\x2dgetty.slice.
[[0;32m  OK  [0m] Unmounted /vagrant.
[[0;32m  OK  [0m] Stopped Login Service.
[[0;32m  OK  [0m] Stopped vboxadd.service.
[[0;32m  OK  [0m] Stopped Permit User Sessions.
[[0;32m  OK  [0m] Stopped target Remote File Systems.
[[0;32m  OK  [0m] Stopped target Remote File Systems (Pre).
         Stopping Login to default iSCSI targets...
[[0;32m  OK  [0m] Stopped target User and Group Name Lookups.
[[0;32m  OK  [0m] Stopped target Basic System.
[[0;32m  OK  [0m] Stopped target Slices.
[[0;32m  OK  [0m] Removed slice User and Session Slice.
[[0;32m  OK  [0m] Stopped target Paths.
[[0;32m  OK  [0m] Stopped Forward Password Requests to Wall Directory Watch.
[[0;32m  OK  [0m] Stopped Dispatch Password Requests to Console Directory Watch.
[[0;32m  OK  [0m] Stopped ACPI Events Check.
[[0;32m  OK  [0m] Stopped target Sockets.
[[0;32m  OK  [0m] Closed D-Bus System Message Bus Socket.
[[0;32m  OK  [0m] Closed LXD - unix socket.
[[0;32m  OK  [0m] Closed ACPID Listen Socket.
[[0;32m  OK  [0m] Closed Syslog Socket.
[[0;32m  OK  [0m] Closed Socket activation for snappy daemon.
[[0;32m  OK  [0m] Closed UUID daemon activation socket.
[[0;32m  OK  [0m] Stopped target System Initialization.
         Stopping Load/Save Random Seed...
[[0;32m  OK  [0m] Stopped target Swap.
         Stopping Update UTMP about System Boot/Shutdown...
[[0;32m  OK  [0m] Stopped target Encrypted Volumes.
[[0;32m  OK  [0m] Stopped Load/Save Random Seed.
[[0;32m  OK  [0m] Stopped Update UTMP about System Boot/Shutdown.
[[0;32m  OK  [0m] Stopped Login to default iSCSI targets.
         Stopping iSCSI initiator daemon (iscsid)...
[[0;32m  OK  [0m] Stopped Create Volatile Files and Directories.
[[0;32m  OK  [0m] Stopped iSCSI initiator daemon (iscsid).
[[0;32m  OK  [0m] Stopped target Network is Online.
[[0;32m  OK  [0m] Stopped Initial cloud-init job (metadata service crawler).
[[0;32m  OK  [0m] Stopped target Network.
         Stopping Raise network interfaces...
[[0;32m  OK  [0m] Stopped Raise network interfaces.
[[0;32m  OK  [0m] Stopped target Network (Pre).
[[0;32m  OK  [0m] Stopped Initial cloud-init job (pre-networking).
[[0;32m  OK  [0m] Stopped target Local File Systems.
         Unmounting /run/user/1000...
[[0;32m  OK  [0m] Stopped Apply Kernel Variables.
[[0;32m  OK  [0m] Stopped Load Kernel Modules.
[[0;32m  OK  [0m] Unmounted /run/user/1000.
[[0;32m  OK  [0m] Reached target Unmount All Filesystems.
[[0;32m  OK  [0m] Stopped target Local File Systems (Pre).
[[0;32m  OK  [0m] Stopped Remount Root and Kernel File Systems.
         Stopping Monitoring of LVM2 mirrors... dmeventd or progress polling...
[[0;32m  OK  [0m] Stopped Create Static Device Nodes in /dev.
[[0;32m  OK  [0m] Reached target Shutdown.
[17670.817566] reboot: Power down
